-------------------------------------------------------------------------------
Test set: com.everyone.everyoneswebshop.EveryoneswebshopApplicationTests
-------------------------------------------------------------------------------
Tests run: 1, Failures: 0, Errors: 1, Skipped: 0, Time elapsed: 6.315 s <<< FAILURE! - in com.everyone.everyoneswebshop.EveryoneswebshopApplicationTests
contextLoads(com.everyone.everyoneswebshop.EveryoneswebshopApplicationTests)  Time elapsed: 0.002 s  <<< ERROR!
java.lang.IllegalStateException: Failed to load ApplicationContext
Caused by: org.springframework.beans.factory.BeanCreationException: Error creating bean with name 'cluster' defined in class path resource [com/everyone/everyoneswebshop/Entity/Config/CassandraConfig.class]: Invocation of init method failed; nested exception is java.lang.IllegalArgumentException: At least one server is required
Caused by: java.lang.IllegalArgumentException: At least one server is required

